INFO    : PreTeXt project found in `C:\Users\eiswo\pretext\aleph4Project`.
WARNING : Project's CLI version could not be detected from `requirements.txt`.
WARNING : Try `pretext init --refresh` to produce a compatible file.
INFO    : 
WARNING : You already have a project file at C:\Users\eiswo\pretext\aleph4Project\project.ptx.
WARNING : A default project file has been created as C:\Users\eiswo\pretext\aleph4Project\project-20240112-084411.ptx for comparison.
INFO    : Generated project file at `C:\Users\eiswo\pretext\aleph4Project\project-20240112-084411.ptx`.
INFO    : 
WARNING : You already have a requirements.txt file at C:\Users\eiswo\pretext\aleph4Project\requirements.txt`.
WARNING : The one suggested by PreTeXt will be created as C:\Users\eiswo\pretext\aleph4Project\requirements-20240112-084411.txt for comparison.
INFO    : Generated requirements file at C:\Users\eiswo\pretext\aleph4Project\requirements-20240112-084411.txt.
INFO    : 
WARNING : You already have a publication file at C:\Users\eiswo\pretext\aleph4Project\publication\publication.ptx.
WARNING : A default project file has been created as C:\Users\eiswo\pretext\aleph4Project\publication\publication-20240112-084411.ptx for comparison.
INFO    : Generated publication file at C:\Users\eiswo\pretext\aleph4Project\publication\publication-20240112-084411.ptx.
INFO    : 
WARNING : You already have a gitignore file at C:\Users\eiswo\pretext\aleph4Project\.gitignore.
WARNING : A default project file has been created as C:\Users\eiswo\pretext\aleph4Project\.gitignore-20240112-084411 for comparison.
INFO    : Generated .gitignore file at C:\Users\eiswo\pretext\aleph4Project\.gitignore-20240112-084411.
INFO    : 
INFO    : Success! Open project.ptx to edit your project manifest.
INFO    : Edit your <target/>s to point to the location of your PreTeXt source files.
INFO    : 
